This is pdfTeX, Version 3.1415926-2.4-1.40.13 (TeX Live 2012) (format=pdflatex 2012.6.30)  21 MAY 2013 13:50
entering extended mode
 restricted \write18 enabled.
 %&-line parsing enabled.
**\input simulation_results-solo.tex
(./simulation_results-solo.tex
(/usr/local/texlive/2012/texmf-dist/tex/latex/base/article.cls
Document Class: article 2007/10/19 v1.4h Standard LaTeX document class
(/usr/local/texlive/2012/texmf-dist/tex/latex/base/size10.clo
File: size10.clo 2007/10/19 v1.4h Standard LaTeX file (size option)
)
\c@part=\count79
\c@section=\count80
\c@subsection=\count81
\c@subsubsection=\count82
\c@paragraph=\count83
\c@subparagraph=\count84
\c@figure=\count85
\c@table=\count86
\abovecaptionskip=\skip41
\belowcaptionskip=\skip42
\bibindent=\dimen102
)
(../../common_header.tex
(/usr/local/texlive/2012/texmf-dist/tex/latex/geometry/geometry.sty
Package: geometry 2010/09/12 v5.6 Page Geometry

(/usr/local/texlive/2012/texmf-dist/tex/latex/graphics/keyval.sty
Package: keyval 1999/03/16 v1.13 key=value parser (DPC)
\KV@toks@=\toks14
)
(/usr/local/texlive/2012/texmf-dist/tex/generic/oberdiek/ifpdf.sty
Package: ifpdf 2011/01/30 v2.3 Provides the ifpdf switch (HO)
Package ifpdf Info: pdfTeX in PDF mode is detected.
)
(/usr/local/texlive/2012/texmf-dist/tex/generic/oberdiek/ifvtex.sty
Package: ifvtex 2010/03/01 v1.5 Detect VTeX and its facilities (HO)
Package ifvtex Info: VTeX not detected.
)
(/usr/local/texlive/2012/texmf-dist/tex/generic/ifxetex/ifxetex.sty
Package: ifxetex 2010/09/12 v0.6 Provides ifxetex conditional
)
\Gm@cnth=\count87
\Gm@cntv=\count88
\c@Gm@tempcnt=\count89
\Gm@bindingoffset=\dimen103
\Gm@wd@mp=\dimen104
\Gm@odd@mp=\dimen105
\Gm@even@mp=\dimen106
\Gm@layoutwidth=\dimen107
\Gm@layoutheight=\dimen108
\Gm@layouthoffset=\dimen109
\Gm@layoutvoffset=\dimen110
\Gm@dimlist=\toks15
)
(/usr/local/texlive/2012/texmf-dist/tex/latex/enumitem/enumitem.sty
Package: enumitem 2011/09/28 v3.5.2 Customized lists
\labelindent=\skip43
\enit@outerparindent=\dimen111
\enit@toks=\toks16
\enit@inbox=\box26
\enitdp@description=\count90
)
(/usr/local/texlive/2012/texmf-dist/tex/latex/graphics/graphicx.sty
Package: graphicx 1999/02/16 v1.0f Enhanced LaTeX Graphics (DPC,SPQR)

(/usr/local/texlive/2012/texmf-dist/tex/latex/graphics/graphics.sty
Package: graphics 2009/02/05 v1.0o Standard LaTeX Graphics (DPC,SPQR)

(/usr/local/texlive/2012/texmf-dist/tex/latex/graphics/trig.sty
Package: trig 1999/03/16 v1.09 sin cos tan (DPC)
)
(/usr/local/texlive/2012/texmf-dist/tex/latex/latexconfig/graphics.cfg
File: graphics.cfg 2010/04/23 v1.9 graphics configuration of TeX Live
)
Package graphics Info: Driver file: pdftex.def on input line 91.

(/usr/local/texlive/2012/texmf-dist/tex/latex/pdftex-def/pdftex.def
File: pdftex.def 2011/05/27 v0.06d Graphics/color for pdfTeX

(/usr/local/texlive/2012/texmf-dist/tex/generic/oberdiek/infwarerr.sty
Package: infwarerr 2010/04/08 v1.3 Providing info/warning/error messages (HO)
)
(/usr/local/texlive/2012/texmf-dist/tex/generic/oberdiek/ltxcmds.sty
Package: ltxcmds 2011/11/09 v1.22 LaTeX kernel commands for general use (HO)
)
\Gread@gobject=\count91
))
\Gin@req@height=\dimen112
\Gin@req@width=\dimen113
)
(/usr/local/texlive/2012/texmf-dist/tex/latex/bbm-macros/bbm.sty
Package: bbm 1999/03/15 V 1.2 provides fonts for set symbols - TH
LaTeX Font Info:    Overwriting math alphabet `\mathbbm' in version `bold'
(Font)                  U/bbm/m/n --> U/bbm/bx/n on input line 33.
LaTeX Font Info:    Overwriting math alphabet `\mathbbmss' in version `bold'
(Font)                  U/bbmss/m/n --> U/bbmss/bx/n on input line 35.
)
(/usr/local/texlive/2012/texmf-dist/tex/latex/amsfonts/amsfonts.sty
Package: amsfonts 2009/06/22 v3.00 Basic AMSFonts support
\@emptytoks=\toks17
\symAMSa=\mathgroup4
\symAMSb=\mathgroup5
LaTeX Font Info:    Overwriting math alphabet `\mathfrak' in version `bold'
(Font)                  U/euf/m/n --> U/euf/b/n on input line 96.
)
(/usr/local/texlive/2012/texmf-dist/tex/latex/amscls/amsthm.sty
Package: amsthm 2009/07/02 v2.20.1
\thm@style=\toks18
\thm@bodyfont=\toks19
\thm@headfont=\toks20
\thm@notefont=\toks21
\thm@headpunct=\toks22
\thm@preskip=\skip44
\thm@postskip=\skip45
\thm@headsep=\skip46
\dth@everypar=\toks23
)
(/usr/local/texlive/2012/texmf-dist/tex/latex/subfigure/subfigure.sty
Package: subfigure 2002/03/15 v2.1.5 subfigure package
\subfigtopskip=\skip47
\subfigcapskip=\skip48
\subfigcaptopadj=\dimen114
\subfigbottomskip=\skip49
\subfigcapmargin=\dimen115
\subfiglabelskip=\skip50
\c@subfigure=\count92
\c@lofdepth=\count93
\c@subtable=\count94
\c@lotdepth=\count95

****************************************
* Local config file subfigure.cfg used *
****************************************
(/usr/local/texlive/2012/texmf-dist/tex/latex/subfigure/subfigure.cfg)
\subfig@top=\skip51
\subfig@bottom=\skip52
)
\c@defn=\count96
)
\c@obs=\count97

(./simulation_results-solo.aux (./simulation_results-content.aux))
\openout1 = `simulation_results-solo.aux'.

LaTeX Font Info:    Checking defaults for OML/cmm/m/it on input line 5.
LaTeX Font Info:    ... okay on input line 5.
LaTeX Font Info:    Checking defaults for T1/cmr/m/n on input line 5.
LaTeX Font Info:    ... okay on input line 5.
LaTeX Font Info:    Checking defaults for OT1/cmr/m/n on input line 5.
LaTeX Font Info:    ... okay on input line 5.
LaTeX Font Info:    Checking defaults for OMS/cmsy/m/n on input line 5.
LaTeX Font Info:    ... okay on input line 5.
LaTeX Font Info:    Checking defaults for OMX/cmex/m/n on input line 5.
LaTeX Font Info:    ... okay on input line 5.
LaTeX Font Info:    Checking defaults for U/cmr/m/n on input line 5.
LaTeX Font Info:    ... okay on input line 5.

*geometry* driver: auto-detecting
*geometry* detected driver: pdftex
*geometry* verbose mode - [ preamble ] result:
* driver: pdftex
* paper: a4paper
* layout: <same size as paper>
* layoutoffset:(h,v)=(0.0pt,0.0pt)
* modes: 
* h-part:(L,W,R)=(72.26999pt, 452.9679pt, 72.26999pt)
* v-part:(T,H,B)=(72.26999pt, 700.50687pt, 72.26999pt)
* \paperwidth=597.50787pt
* \paperheight=845.04684pt
* \textwidth=452.9679pt
* \textheight=700.50687pt
* \oddsidemargin=0.0pt
* \evensidemargin=0.0pt
* \topmargin=-37.0pt
* \headheight=12.0pt
* \headsep=25.0pt
* \topskip=10.0pt
* \footskip=30.0pt
* \marginparwidth=57.0pt
* \marginparsep=11.0pt
* \columnsep=10.0pt
* \skip\footins=9.0pt plus 4.0pt minus 2.0pt
* \hoffset=0.0pt
* \voffset=0.0pt
* \mag=1000
* \@twocolumnfalse
* \@twosidefalse
* \@mparswitchfalse
* \@reversemarginfalse
* (1in=72.27pt=25.4mm, 1cm=28.453pt)

(/usr/local/texlive/2012/texmf-dist/tex/context/base/supp-pdf.mkii
[Loading MPS to PDF converter (version 2006.09.02).]
\scratchcounter=\count98
\scratchdimen=\dimen116
\scratchbox=\box27
\nofMPsegments=\count99
\nofMParguments=\count100
\everyMPshowfont=\toks24
\MPscratchCnt=\count101
\MPscratchDim=\dimen117
\MPnumerator=\count102
\makeMPintoPDFobject=\count103
\everyMPtoPDFconversion=\toks25
) (/usr/local/texlive/2012/texmf-dist/tex/generic/oberdiek/pdftexcmds.sty
Package: pdftexcmds 2011/11/29 v0.20 Utility functions of pdfTeX for LuaTeX (HO
)

(/usr/local/texlive/2012/texmf-dist/tex/generic/oberdiek/ifluatex.sty
Package: ifluatex 2010/03/01 v1.3 Provides the ifluatex switch (HO)
Package ifluatex Info: LuaTeX not detected.
)
Package pdftexcmds Info: LuaTeX not detected.
Package pdftexcmds Info: \pdf@primitive is available.
Package pdftexcmds Info: \pdf@ifprimitive is available.
Package pdftexcmds Info: \pdfdraftmode found.
)
(/usr/local/texlive/2012/texmf-dist/tex/latex/oberdiek/epstopdf-base.sty
Package: epstopdf-base 2010/02/09 v2.5 Base part for package epstopdf

(/usr/local/texlive/2012/texmf-dist/tex/latex/oberdiek/grfext.sty
Package: grfext 2010/08/19 v1.1 Manage graphics extensions (HO)

(/usr/local/texlive/2012/texmf-dist/tex/generic/oberdiek/kvdefinekeys.sty
Package: kvdefinekeys 2011/04/07 v1.3 Define keys (HO)
))
(/usr/local/texlive/2012/texmf-dist/tex/latex/oberdiek/kvoptions.sty
Package: kvoptions 2011/06/30 v3.11 Key value format for package options (HO)

(/usr/local/texlive/2012/texmf-dist/tex/generic/oberdiek/kvsetkeys.sty
Package: kvsetkeys 2012/04/25 v1.16 Key value parser (HO)

(/usr/local/texlive/2012/texmf-dist/tex/generic/oberdiek/etexcmds.sty
Package: etexcmds 2011/02/16 v1.5 Avoid name clashes with e-TeX commands (HO)
Package etexcmds Info: Could not find \expanded.
(etexcmds)             That can mean that you are not using pdfTeX 1.50 or
(etexcmds)             that some package has redefined \expanded.
(etexcmds)             In the latter case, load this package earlier.
)))
Package grfext Info: Graphics extension search list:
(grfext)             [.png,.pdf,.jpg,.mps,.jpeg,.jbig2,.jb2,.PNG,.PDF,.JPG,.JPE
G,.JBIG2,.JB2,.eps]
(grfext)             \AppendGraphicsExtensions on input line 452.

(/usr/local/texlive/2012/texmf-dist/tex/latex/latexconfig/epstopdf-sys.cfg
File: epstopdf-sys.cfg 2010/07/13 v1.3 Configuration of (r)epstopdf for TeX Liv
e
))
\openout2 = `simulation_results-content.aux'.


(./simulation_results-content.tex
LaTeX Font Info:    Try loading font information for U+msa on input line 3.

(/usr/local/texlive/2012/texmf-dist/tex/latex/amsfonts/umsa.fd
File: umsa.fd 2009/06/22 v3.00 AMS symbols A
)
LaTeX Font Info:    Try loading font information for U+msb on input line 3.

(/usr/local/texlive/2012/texmf-dist/tex/latex/amsfonts/umsb.fd
File: umsb.fd 2009/06/22 v3.00 AMS symbols B
)
</Users/glareprotector/prostate_git/glare/tex_files/sections/simulate_data_poin
ts_infer_Bs/files/fixing_abc_log_p_trace.png, id=1, 578.16pt x 433.62pt>
File: /Users/glareprotector/prostate_git/glare/tex_files/sections/simulate_data
_points_infer_Bs/files/fixing_abc_log_p_trace.png Graphic file (type png)

<use /Users/glareprotector/prostate_git/glare/tex_files/sections/simulate_data_
points_infer_Bs/files/fixing_abc_log_p_trace.png>
Package pdftex.def Info: /Users/glareprotector/prostate_git/glare/tex_files/sec
tions/simulate_data_points_infer_Bs/files/fixing_abc_log_p_trace.png used on in
put line 11.
(pdftex.def)             Requested size: 203.8323pt x 210.15326pt.

</Users/glareprotector/prostate_git/glare/tex_files/sections/simulate_data_poin
ts_infer_Bs/files/fixing_abc_Bs_histogram.png, id=3, 578.16pt x 433.62pt>
File: /Users/glareprotector/prostate_git/glare/tex_files/sections/simulate_data
_points_infer_Bs/files/fixing_abc_Bs_histogram.png Graphic file (type png)

<use /Users/glareprotector/prostate_git/glare/tex_files/sections/simulate_data_
points_infer_Bs/files/fixing_abc_Bs_histogram.png>
Package pdftex.def Info: /Users/glareprotector/prostate_git/glare/tex_files/sec
tions/simulate_data_points_infer_Bs/files/fixing_abc_Bs_histogram.png used on i
nput line 14.
(pdftex.def)             Requested size: 203.8323pt x 210.15326pt.

</Users/glareprotector/prostate_git/glare/tex_files/sections/simulate_data_poin
ts_infer_Bs/files/fixing_abc_Bs_trace.png, id=4, 590.4459pt x 445.9059pt>
File: /Users/glareprotector/prostate_git/glare/tex_files/sections/simulate_data
_points_infer_Bs/files/fixing_abc_Bs_trace.png Graphic file (type png)

<use /Users/glareprotector/prostate_git/glare/tex_files/sections/simulate_data_
points_infer_Bs/files/fixing_abc_Bs_trace.png>
Package pdftex.def Info: /Users/glareprotector/prostate_git/glare/tex_files/sec
tions/simulate_data_points_infer_Bs/files/fixing_abc_Bs_trace.png used on input
 line 17.
(pdftex.def)             Requested size: 203.83018pt x 210.15414pt.
 [1{/usr/local/texlive/2012/texmf-var/fonts/map/pdftex/updmap/pdftex.map}


 </Users/glareprotector/prostate_git/glare/tex_files/sections/simulate_data_poi
nts_infer_Bs/files/fixing_abc_log_p_trace.png> </Users/glareprotector/prostate_
git/glare/tex_files/sections/simulate_data_points_infer_Bs/files/fixing_abc_Bs_
histogram.png> </Users/glareprotector/prostate_git/glare/tex_files/sections/sim
ulate_data_points_infer_Bs/files/fixing_abc_Bs_trace.png>]
</Users/glareprotector/prostate_git/glare/tex_files/sections/simulate_data_poin
ts_infer_Bs/files/cmatters_log_p_trace.png, id=23, 578.16pt x 433.62pt>
File: /Users/glareprotector/prostate_git/glare/tex_files/sections/simulate_data
_points_infer_Bs/files/cmatters_log_p_trace.png Graphic file (type png)

<use /Users/glareprotector/prostate_git/glare/tex_files/sections/simulate_data_
points_infer_Bs/files/cmatters_log_p_trace.png>
Package pdftex.def Info: /Users/glareprotector/prostate_git/glare/tex_files/sec
tions/simulate_data_points_infer_Bs/files/cmatters_log_p_trace.png used on inpu
t line 28.
(pdftex.def)             Requested size: 203.8323pt x 210.15326pt.

</Users/glareprotector/prostate_git/glare/tex_files/sections/simulate_data_poin
ts_infer_Bs/files/cmatters_Bs_histogram.png, id=24, 578.16pt x 433.62pt>
File: /Users/glareprotector/prostate_git/glare/tex_files/sections/simulate_data
_points_infer_Bs/files/cmatters_Bs_histogram.png Graphic file (type png)

<use /Users/glareprotector/prostate_git/glare/tex_files/sections/simulate_data_
points_infer_Bs/files/cmatters_Bs_histogram.png>
Package pdftex.def Info: /Users/glareprotector/prostate_git/glare/tex_files/sec
tions/simulate_data_points_infer_Bs/files/cmatters_Bs_histogram.png used on inp
ut line 31.
(pdftex.def)             Requested size: 203.8323pt x 210.15326pt.

</Users/glareprotector/prostate_git/glare/tex_files/sections/simulate_data_poin
ts_infer_Bs/files/cmatters_Bs_trace.png, id=25, 590.4459pt x 445.9059pt>
File: /Users/glareprotector/prostate_git/glare/tex_files/sections/simulate_data
_points_infer_Bs/files/cmatters_Bs_trace.png Graphic file (type png)

<use /Users/glareprotector/prostate_git/glare/tex_files/sections/simulate_data_
points_infer_Bs/files/cmatters_Bs_trace.png>
Package pdftex.def Info: /Users/glareprotector/prostate_git/glare/tex_files/sec
tions/simulate_data_points_infer_Bs/files/cmatters_Bs_trace.png used on input l
ine 34.
(pdftex.def)             Requested size: 203.83018pt x 210.15414pt.
) [2 </Users/glareprotector/prostate_git/glare/tex_files/sections/simulate_data
_points_infer_Bs/files/cmatters_log_p_trace.png> </Users/glareprotector/prostat
e_git/glare/tex_files/sections/simulate_data_points_infer_Bs/files/cmatters_Bs_
histogram.png> </Users/glareprotector/prostate_git/glare/tex_files/sections/sim
ulate_data_points_infer_Bs/files/cmatters_Bs_trace.png>] (./simulation_results-
solo.aux
(./simulation_results-content.aux)) ) 
Here is how much of TeX's memory you used:
 2655 strings out of 493488
 41772 string characters out of 3141326
 100559 words of memory out of 3000000
 5910 multiletter control sequences out of 15000+200000
 10896 words of font info for 43 fonts, out of 3000000 for 9000
 957 hyphenation exceptions out of 8191
 38i,6n,32p,749b,266s stack positions out of 5000i,500n,10000p,200000b,50000s
</usr/local/texlive/2012/texmf-dist/fonts/
type1/public/amsfonts/cm/cmbx12.pfb></usr/local/texlive/2012/texmf-dist/fonts/t
ype1/public/amsfonts/cm/cmmi10.pfb></usr/local/texlive/2012/texmf-dist/fonts/ty
pe1/public/amsfonts/cm/cmmi12.pfb></usr/local/texlive/2012/texmf-dist/fonts/typ
e1/public/amsfonts/cm/cmmi7.pfb></usr/local/texlive/2012/texmf-dist/fonts/type1
/public/amsfonts/cm/cmr10.pfb></usr/local/texlive/2012/texmf-dist/fonts/type1/p
ublic/amsfonts/cm/cmr12.pfb></usr/local/texlive/2012/texmf-dist/fonts/type1/pub
lic/amsfonts/cm/cmr7.pfb></usr/local/texlive/2012/texmf-dist/fonts/type1/public
/amsfonts/cm/cmsy10.pfb></usr/local/texlive/2012/texmf-dist/fonts/type1/public/
amsfonts/cm/cmsy7.pfb></usr/local/texlive/2012/texmf-dist/fonts/type1/public/am
sfonts/cm/cmsy8.pfb>
Output written on simulation_results-solo.pdf (2 pages, 439374 bytes).
PDF statistics:
 64 PDF objects out of 1000 (max. 8388607)
 37 compressed objects within 1 object stream
 0 named destinations out of 1000 (max. 500000)
 31 words of extra memory for PDF output out of 10000 (max. 10000000)

